2026-04-02T17:45:57.589-04:00  INFO 1824 --- [http-nio-8080-exec-1] o.a.c.c.C.[Tomcat].[localhost].[/]       : Initializing Spring DispatcherServlet 'dispatcherServlet'
2026-04-02T17:45:57.590-04:00  INFO 1824 --- [http-nio-8080-exec-1] o.s.web.servlet.DispatcherServlet        : Initializing Servlet 'dispatcherServlet'
2026-04-02T17:45:57.590-04:00  INFO 1824 --- [http-nio-8080-exec-1] o.s.web.servlet.DispatcherServlet        : Completed initialization in 0 ms
2026-04-02T17:45:57.592-04:00  INFO 1824 --- [http-nio-8080-exec-1] c.t.t.controller.userController          : 👤 [USERS] Intento de inicio de sesión para el usuario: Pedro
2026-04-02T17:45:57.596-04:00  WARN 1824 --- [http-nio-8080-exec-1] c.t.t.controller.userController          : ❌ [USERS] Login fallido: Contraseña incorrecta para el usuario 'Pedro'.
2026-04-02T17:45:57.597-04:00  WARN 1824 --- [http-nio-8080-exec-1] .w.s.m.a.ResponseStatusExceptionResolver : Resolved [org.springframework.web.server.ResponseStatusException: 401 UNAUTHORIZED "Usuario o contraseña incorrectos."]
2026-04-02T17:46:17.413-04:00  INFO 1824 --- [http-nio-8080-exec-3] c.t.t.controller.userController          : 👤 [USERS] Intento de inicio de sesión para el usuario: Pedro
2026-04-02T17:46:17.418-04:00  INFO 1824 --- [http-nio-8080-exec-3] c.t.t.controller.userController          : 👤 [USERS] Inicio de sesión exitoso para el usuario 'Pedro' (ID: 5).
2026-04-02T17:46:17.437-04:00  INFO 1824 --- [http-nio-8080-exec-5] c.t.t.controller.placeController         : 📍 [PLACES] Solicitando top 5 de lugares ordenados por rating - GET /api/places/top-rated
2026-04-02T17:46:17.437-04:00  INFO 1824 --- [http-nio-8080-exec-6] c.t.t.controller.placeController         : 📍 [PLACES] Solicitando lista completa de lugares - GET /api/places
2026-04-02T17:46:25.152-04:00  INFO 1824 --- [http-nio-8080-exec-9] c.t.t.controller.placeController         : 📍 [PLACES] Solicitando lista completa de lugares - GET /api/places
2026-04-02T17:46:25.152-04:00  INFO 1824 --- [http-nio-8080-exec-7] c.t.t.controller.placeController         : 📍 [PLACES] Solicitando información del lugar con ID: 4 - GET /api/places/4
2026-04-02T17:46:34.948-04:00  INFO 1824 --- [http-nio-8080-exec-2] c.t.t.controller.placeController         : 📍 [PLACES] Solicitando lista completa de lugares - GET /api/places
2026-04-02T17:46:34.951-04:00  INFO 1824 --- [http-nio-8080-exec-1] c.t.t.controller.placeController         : 📍 [PLACES] Solicitando búsqueda de lugares con criterio: 'la paz' - GET /api/places/search
2026-04-02T17:46:53.532-04:00  INFO 1824 --- [http-nio-8080-exec-8] c.t.t.controller.placeController         : 📍 [PLACES] Solicitando lista completa de lugares - GET /api/places
2026-04-02T17:46:53.536-04:00  INFO 1824 --- [http-nio-8080-exec-4] c.t.t.controller.favoriteController      : 📂 [FAVORITOS] Consultando lista del usuario ID: 5
2026-04-02T17:46:53.540-04:00  INFO 1824 --- [http-nio-8080-exec-4] c.t.t.controller.favoriteController      : 📂 [FAVORITOS] El usuario ID: 5 no tiene favoritos
2026-04-02T17:47:13.232-04:00  INFO 1824 --- [http-nio-8080-exec-5] c.t.t.controller.userController          : 👤 [USERS] Intento de inicio de sesión para el usuario: admin
2026-04-02T17:47:13.235-04:00  INFO 1824 --- [http-nio-8080-exec-5] c.t.t.controller.userController          : 👤 [USERS] Inicio de sesión exitoso para el usuario 'admin' (ID: 1).
2026-04-02T17:47:13.247-04:00  INFO 1824 --- [http-nio-8080-exec-6] c.t.t.controller.placeController         : 📍 [PLACES] Solicitando top 5 de lugares ordenados por rating - GET /api/places/top-rated
2026-04-02T17:47:13.247-04:00  INFO 1824 --- [http-nio-8080-exec-7] c.t.t.controller.placeController         : 📍 [PLACES] Solicitando lista completa de lugares - GET /api/places
2026-04-02T17:47:15.113-04:00  INFO 1824 --- [http-nio-8080-exec-10] c.t.t.controller.placeController         : 📍 [PLACES] Solicitando lista completa de lugares - GET /api/places
2026-04-02T17:47:15.120-04:00  INFO 1824 --- [http-nio-8080-exec-2] c.t.t.controller.favoriteController      : 📂 [FAVORITOS] Consultando lista del usuario ID: 1
2026-04-02T17:47:15.125-04:00  INFO 1824 --- [http-nio-8080-exec-2] c.t.t.controller.favoriteController      : 📂 [FAVORITOS] Devolviendo lista de favoritos para el usuario ID: 1
2026-04-02T17:47:23.954-04:00  INFO 1824 --- [http-nio-8080-exec-1] c.t.t.controller.placeController         : 📍 [PLACES] Solicitando información del lugar con ID: 1 - GET /api/places/1
2026-04-02T17:47:23.959-04:00  INFO 1824 --- [http-nio-8080-exec-3] c.t.t.controller.placeController         : 📍 [PLACES] Solicitando lista completa de lugares - GET /api/places
2026-04-02T17:47:31.809-04:00  INFO 1824 --- [http-nio-8080-exec-4] c.t.t.controller.placeController         : 📍 [PLACES] Solicitando lista completa de lugares - GET /api/places
2026-04-02T17:47:31.809-04:00  INFO 1824 --- [http-nio-8080-exec-8] c.t.t.controller.placeController         : 📍 [PLACES] Solicitando top 5 de lugares ordenados por rating - GET /api/places/top-rated
2026-04-02T17:47:48.991-04:00  INFO 1824 --- [SpringApplicationShutdownHook] j.LocalContainerEntityManagerFactoryBean : Closing JPA EntityManagerFactory for persistence unit 'default'
2026-04-02T17:47:48.991-04:00  INFO 1824 --- [SpringApplicationShutdownHook] com.zaxxer.hikari.HikariDataSource       : HikariPool-62 - Shutdown initiated...
2026-04-02T17:47:48.992-04:00  INFO 1824 --- [SpringApplicationShutdownHook] com.zaxxer.hikari.HikariDataSource       : HikariPool-62 - Shutdown completed.
